<?xml version="1.0" encoding="UTF-8"?>
<!-- Generated by org.testng.reporters.JUnitReportReporter -->
<testsuite hostname="NODE1092" name="com.workflows.Cosmos_Sephora_Cust_Details" tests="1" failures="0" timestamp="26 Sep 2018 09:10:42 GMT" time="85.470" errors="0">
  <testcase name="runWorkFlow" time="85.470" classname="com.workflows.Cosmos_Sephora_Cust_Details"/>
</testsuite> <!-- com.workflows.Cosmos_Sephora_Cust_Details -->
